<?xml version="1.0" encoding="UTF-8"?>
<testng-results ignored="0" total="2" passed="2" failed="0" skipped="0">
  <reporter-output>
  </reporter-output>
  <suite started-at="2023-10-08T18:45:10 BDT" name="Exel Test" finished-at="2023-10-08T18:46:49 BDT" duration-ms="98376">
    <groups>
    </groups>
    <test started-at="2023-10-08T18:45:10 BDT" name="SignIn" finished-at="2023-10-08T18:46:49 BDT" duration-ms="98376">
      <class name="Qus.automationInternship.tests.GoogleSearchTest">
        <test-method is-config="true" signature="start()[pri:0, instance:Qus.automationInternship.tests.GoogleSearchTest@433defed]" started-at="2023-10-08T18:45:04 BDT" name="start" finished-at="2023-10-08T18:45:10 BDT" duration-ms="6034" status="PASS">
          <reporter-output>
          </reporter-output>
        </test-method> <!-- start -->
        <test-method is-config="true" signature="openUrl()[pri:0, instance:Qus.automationInternship.tests.GoogleSearchTest@433defed]" started-at="2023-10-08T18:45:10 BDT" name="openUrl" finished-at="2023-10-08T18:45:12 BDT" duration-ms="1818" status="PASS">
          <reporter-output>
          </reporter-output>
        </test-method> <!-- openUrl -->
        <test-method signature="Exel()[pri:-1, instance:Qus.automationInternship.tests.GoogleSearchTest@433defed]" started-at="2023-10-08T18:45:12 BDT" name="Exel" finished-at="2023-10-08T18:46:48 BDT" duration-ms="96182" status="PASS">
          <reporter-output>
          </reporter-output>
        </test-method> <!-- Exel -->
        <test-method signature="ExcelOparetion()[pri:1, instance:Qus.automationInternship.tests.GoogleSearchTest@433defed]" started-at="2023-10-08T18:46:48 BDT" name="ExcelOparetion" finished-at="2023-10-08T18:46:49 BDT" duration-ms="328" status="PASS">
          <reporter-output>
          </reporter-output>
        </test-method> <!-- ExcelOparetion -->
        <test-method is-config="true" signature="close()[pri:0, instance:Qus.automationInternship.tests.GoogleSearchTest@433defed]" started-at="2023-10-08T18:46:49 BDT" name="close" finished-at="2023-10-08T18:46:51 BDT" duration-ms="2070" status="PASS">
          <reporter-output>
          </reporter-output>
        </test-method> <!-- close -->
      </class> <!-- Qus.automationInternship.tests.GoogleSearchTest -->
    </test> <!-- SignIn -->
  </suite> <!-- Exel Test -->
</testng-results>
