<?xml version="1.0" encoding="UTF-8"?>
<!-- Generated by org.testng.reporters.JUnitXMLReporter -->
<testsuite ignored="0" hostname="Sayid" failures="1" tests="2" name="SignIn" time="5.566" errors="0" timestamp="2023-10-07T00:09:56 BDT">
  <testcase classname="Qus.automationInternship.tests.GoogleSearchTest" name="Search" time="2.561"/>
  <testcase classname="Qus.automationInternship.tests.GoogleSearchTest" name="Learn" time="0.084">
    <failure type="java.io.FileNotFoundException" message="\automationInternship\src\Excel.xlsx (The system cannot find the path specified)">
      <![CDATA[java.io.FileNotFoundException: \automationInternship\src\Excel.xlsx (The system cannot find the path specified)
at java.base/java.io.FileInputStream.open0(Native Method)
at java.base/java.io.FileInputStream.open(FileInputStream.java:216)
at java.base/java.io.FileInputStream.<init>(FileInputStream.java:157)
at java.base/java.io.FileInputStream.<init>(FileInputStream.java:111)
at Qus.automationInternship.utilites.CommonMethod.Connect(CommonMethod.java:24)
at Qus.automationInternship.pages.GoogleSearch.Learn(GoogleSearch.java:51)
at Qus.automationInternship.tests.GoogleSearchTest.Learn(GoogleSearchTest.java:29)
at java.base/java.util.ArrayList.forEach(ArrayList.java:1511)
... Removed 27 stack frames]]>
    </failure>
  </testcase> <!-- Learn -->
</testsuite> <!-- SignIn -->
